f:\administrator\visual studio project\cmdluac\cmdluac\windows 10\lbaselib.obj
f:\administrator\visual studio project\cmdluac\cmdluac\windows 10\ldblib.obj
f:\administrator\visual studio project\cmdluac\cmdluac\windows 10\lgc.obj
f:\administrator\visual studio project\cmdluac\cmdluac\windows 10\lmathlib.obj
f:\administrator\visual studio project\cmdluac\cmdluac\windows 10\lopcodes.obj
f:\administrator\visual studio project\cmdluac\cmdluac\windows 10\lparser.obj
f:\administrator\visual studio project\cmdluac\cmdluac\windows 10\lstrlib.obj
f:\administrator\visual studio project\cmdluac\cmdluac\windows 10\luac.obj
f:\administrator\visual studio project\cmdluac\cmdluac\windows 10\lzio.obj
f:\administrator\visual studio project\cmdluac\cmdluac\windows 10\lapi.obj
f:\administrator\visual studio project\cmdluac\cmdluac\windows 10\lcorolib.obj
f:\administrator\visual studio project\cmdluac\cmdluac\windows 10\ldump.obj
f:\administrator\visual studio project\cmdluac\cmdluac\windows 10\linit.obj
f:\administrator\visual studio project\cmdluac\cmdluac\windows 10\lobject.obj
f:\administrator\visual studio project\cmdluac\cmdluac\windows 10\lstate.obj
f:\administrator\visual studio project\cmdluac\cmdluac\windows 10\ltable.obj
f:\administrator\visual studio project\cmdluac\cmdluac\windows 10\ltm.obj
f:\administrator\visual studio project\cmdluac\cmdluac\windows 10\lundump.obj
f:\administrator\visual studio project\cmdluac\cmdluac\windows 10\lbitlib.obj
f:\administrator\visual studio project\cmdluac\cmdluac\windows 10\lcode.obj
f:\administrator\visual studio project\cmdluac\cmdluac\windows 10\ldo.obj
f:\administrator\visual studio project\cmdluac\cmdluac\windows 10\llex.obj
f:\administrator\visual studio project\cmdluac\cmdluac\windows 10\loadlib.obj
f:\administrator\visual studio project\cmdluac\cmdluac\windows 10\lvm.obj
f:\administrator\visual studio project\cmdluac\cmdluac\windows 10\lauxlib.obj
f:\administrator\visual studio project\cmdluac\cmdluac\windows 10\lctype.obj
f:\administrator\visual studio project\cmdluac\cmdluac\windows 10\ldebug.obj
f:\administrator\visual studio project\cmdluac\cmdluac\windows 10\lfunc.obj
f:\administrator\visual studio project\cmdluac\cmdluac\windows 10\liolib.obj
f:\administrator\visual studio project\cmdluac\cmdluac\windows 10\lmem.obj
f:\administrator\visual studio project\cmdluac\cmdluac\windows 10\loslib.obj
f:\administrator\visual studio project\cmdluac\cmdluac\windows 10\lstring.obj
f:\administrator\visual studio project\cmdluac\cmdluac\windows 10\ltablib.obj
f:\administrator\visual studio project\cmdluac\cmdluac\windows 10\lutf8lib.obj
f:\administrator\visual studio project\cmdluac\cmdluac\windows 10\vc141.pdb
f:\administrator\visual studio project\cmdluac\windows 10\cmdluac.ilk
f:\administrator\visual studio project\cmdluac\windows 10\cmdluac.exe
f:\administrator\visual studio project\cmdluac\windows 10\cmdluac.pdb
f:\administrator\visual studio project\cmdluac\cmdluac\windows 10\vc141.idb
f:\administrator\visual studio project\cmdluac\cmdluac\windows 10\cmdluac.tlog\cl.2300.write.1.tlog
f:\administrator\visual studio project\cmdluac\cmdluac\windows 10\cmdluac.tlog\cl.command.1.tlog
f:\administrator\visual studio project\cmdluac\cmdluac\windows 10\cmdluac.tlog\cl.read.1.tlog
f:\administrator\visual studio project\cmdluac\cmdluac\windows 10\cmdluac.tlog\link.command.1.tlog
f:\administrator\visual studio project\cmdluac\cmdluac\windows 10\cmdluac.tlog\link.read.1.tlog
f:\administrator\visual studio project\cmdluac\cmdluac\windows 10\cmdluac.tlog\link.write.1.tlog
